# JRE version: OpenJDK Runtime Environment Microsoft-8297089 (17.0.8.1+1) (build 17.0.8.1+1-LTS)
# Java VM: OpenJDK 64-Bit Server VM Microsoft-8297089 (17.0.8.1+1-LTS, mixed mode, sharing, tiered, compressed oops, compressed class ptrs, g1 gc, windows-amd64)
GC Precious Log:
 CPUs: 4 total, 4 available
 Memory: 7958M
 Large Page Support: Disabled
 NUMA Support: Disabled
 Compressed Oops: Enabled (32-bit)
 Heap Region Size: 1M
 Heap Min Capacity: 8M
 Heap Initial Capacity: 126M
 Heap Max Capacity: 2G
 Pre-touch: Disabled
 Parallel Workers: 4
 Concurrent Workers: 1
 Concurrent Refinement Workers: 4
 Periodic GC: Disabled
Heap:
 garbage-first heap   total 438272K, used 150194K [0x0000000080000000, 0x0000000100000000)
  region size 1024K, 33 young (33792K), 6 survivors (6144K)
 Metaspace       used 98292K, committed 99136K, reserved 557056K
  class space    used 13213K, committed 13632K, reserved 425984K
GC Heap History (20 events):
Event: 41.261 GC heap before
{Heap before GC invocations=33 (full 0):
 garbage-first heap   total 219136K, used 161557K [0x0000000080000000, 0x0000000100000000)
  region size 1024K, 86 young (88064K), 3 survivors (3072K)
 Metaspace       used 73931K, committed 74624K, reserved 491520K
  class space    used 10061K, committed 10368K, reserved 425984K
}
Event: 41.283 GC heap after
{Heap after GC invocations=34 (full 0):
 garbage-first heap   total 219136K, used 75752K [0x0000000080000000, 0x0000000100000000)
  region size 1024K, 10 young (10240K), 10 survivors (10240K)
 Metaspace       used 73931K, committed 74624K, reserved 491520K
  class space    used 10061K, committed 10368K, reserved 425984K
}
Event: 59.421 GC heap before
{Heap before GC invocations=34 (full 0):
 garbage-first heap   total 219136K, used 158696K [0x0000000080000000, 0x0000000100000000)
  region size 1024K, 91 young (93184K), 10 survivors (10240K)
 Metaspace       used 80327K, committed 81088K, reserved 557056K
  class space    used 11105K, committed 11456K, reserved 425984K
}
Event: 59.521 GC heap after
{Heap after GC invocations=35 (full 0):
 garbage-first heap   total 219136K, used 82276K [0x0000000080000000, 0x0000000100000000)
  region size 1024K, 7 young (7168K), 7 survivors (7168K)
 Metaspace       used 80327K, committed 81088K, reserved 557056K
  class space    used 11105K, committed 11456K, reserved 425984K
}
Event: 61.845 GC heap before
{Heap before GC invocations=35 (full 0):
 garbage-first heap   total 219136K, used 163172K [0x0000000080000000, 0x0000000100000000)
  region size 1024K, 87 young (89088K), 7 survivors (7168K)
 Metaspace       used 86122K, committed 86848K, reserved 557056K
  class space    used 11859K, committed 12160K, reserved 425984K
}
Event: 61.902 GC heap after
{Heap after GC invocations=36 (full 0):
 garbage-first heap   total 219136K, used 90508K [0x0000000080000000, 0x0000000100000000)
  region size 1024K, 8 young (8192K), 8 survivors (8192K)
 Metaspace       used 86122K, committed 86848K, reserved 557056K
  class space    used 11859K, committed 12160K, reserved 425984K
}
Event: 74.563 GC heap before
{Heap before GC invocations=36 (full 0):
 garbage-first heap   total 219136K, used 168332K [0x0000000080000000, 0x0000000100000000)
  region size 1024K, 84 young (86016K), 8 survivors (8192K)
 Metaspace       used 92258K, committed 92992K, reserved 557056K
  class space    used 12500K, committed 12864K, reserved 425984K
}
Event: 74.633 GC heap after
{Heap after GC invocations=37 (full 0):
 garbage-first heap   total 219136K, used 97233K [0x0000000080000000, 0x0000000100000000)
  region size 1024K, 7 young (7168K), 7 survivors (7168K)
 Metaspace       used 92258K, committed 92992K, reserved 557056K
  class space    used 12500K, committed 12864K, reserved 425984K
}
Event: 80.557 GC heap before
{Heap before GC invocations=37 (full 0):
 garbage-first heap   total 219136K, used 169937K [0x0000000080000000, 0x0000000100000000)
  region size 1024K, 79 young (80896K), 7 survivors (7168K)
 Metaspace       used 97034K, committed 97920K, reserved 557056K
  class space    used 13108K, committed 13504K, reserved 425984K
}
Event: 80.614 GC heap after
{Heap after GC invocations=38 (full 0):
 garbage-first heap   total 219136K, used 105769K [0x0000000080000000, 0x0000000100000000)
  region size 1024K, 9 young (9216K), 9 survivors (9216K)
 Metaspace       used 97034K, committed 97920K, reserved 557056K
  class space    used 13108K, committed 13504K, reserved 425984K
}
Event: 83.122 GC heap before
{Heap before GC invocations=38 (full 0):
 garbage-first heap   total 219136K, used 172329K [0x0000000080000000, 0x0000000100000000)
  region size 1024K, 75 young (76800K), 9 survivors (9216K)
 Metaspace       used 97859K, committed 98688K, reserved 557056K
  class space    used 13188K, committed 13568K, reserved 425984K
}
Event: 83.195 GC heap after
{Heap after GC invocations=39 (full 0):
 garbage-first heap   total 219136K, used 113309K [0x0000000080000000, 0x0000000100000000)
  region size 1024K, 8 young (8192K), 8 survivors (8192K)
 Metaspace       used 97859K, committed 98688K, reserved 557056K
  class space    used 13188K, committed 13568K, reserved 425984K
}
Event: 84.203 GC heap before
{Heap before GC invocations=39 (full 0):
 garbage-first heap   total 219136K, used 149149K [0x0000000080000000, 0x0000000100000000)
  region size 1024K, 44 young (45056K), 8 survivors (8192K)
 Metaspace       used 97860K, committed 98688K, reserved 557056K
  class space    used 13189K, committed 13568K, reserved 425984K
}
Event: 84.236 GC heap after
{Heap after GC invocations=40 (full 0):
 garbage-first heap   total 219136K, used 114688K [0x0000000080000000, 0x0000000100000000)
  region size 1024K, 2 young (2048K), 2 survivors (2048K)
 Metaspace       used 97860K, committed 98688K, reserved 557056K
  class space    used 13189K, committed 13568K, reserved 425984K
}
Event: 86.223 GC heap before
{Heap before GC invocations=41 (full 0):
 garbage-first heap   total 219136K, used 194560K [0x0000000080000000, 0x0000000100000000)
  region size 1024K, 65 young (66560K), 2 survivors (2048K)
 Metaspace       used 98179K, committed 99008K, reserved 557056K
  class space    used 13207K, committed 13568K, reserved 425984K
}
Event: 86.246 GC heap after
{Heap after GC invocations=42 (full 0):
 garbage-first heap   total 219136K, used 119808K [0x0000000080000000, 0x0000000100000000)
  region size 1024K, 7 young (7168K), 7 survivors (7168K)
 Metaspace       used 98179K, committed 99008K, reserved 557056K
  class space    used 13207K, committed 13568K, reserved 425984K
}
Event: 86.306 GC heap before
{Heap before GC invocations=42 (full 0):
 garbage-first heap   total 219136K, used 122880K [0x0000000080000000, 0x0000000100000000)
  region size 1024K, 10 young (10240K), 7 survivors (7168K)
 Metaspace       used 98180K, committed 99008K, reserved 557056K
  class space    used 13207K, committed 13568K, reserved 425984K
}
Event: 86.334 GC heap after
{Heap after GC invocations=43 (full 0):
 garbage-first heap   total 219136K, used 116244K [0x0000000080000000, 0x0000000100000000)
  region size 1024K, 1 young (1024K), 1 survivors (1024K)
 Metaspace       used 98180K, committed 99008K, reserved 557056K
  class space    used 13207K, committed 13568K, reserved 425984K
}
Event: 87.591 GC heap before
{Heap before GC invocations=43 (full 0):
 garbage-first heap   total 219136K, used 194068K [0x0000000080000000, 0x0000000100000000)
  region size 1024K, 62 young (63488K), 1 survivors (1024K)
 Metaspace       used 98255K, committed 99136K, reserved 557056K
  class space    used 13211K, committed 13632K, reserved 425984K
}
Event: 87.618 GC heap after
{Heap after GC invocations=44 (full 0):
 garbage-first heap   total 438272K, used 120498K [0x0000000080000000, 0x0000000100000000)
  region size 1024K, 6 young (6144K), 6 survivors (6144K)
 Metaspace       used 98255K, committed 99136K, reserved 557056K
  class space    used 13211K, committed 13632K, reserved 425984K
}

